{"C:\\Users\\huy_x\\learn\\solid\\solidStartLearning\\src\\routes\\test.tsx": {"path":"C:\\Users\\huy_x\\learn\\solid\\solidStartLearning\\src\\routes\\test.tsx","all":false,"statementMap":{"0":{"start":{"line":1,"column":0},"end":{"line":1,"column":40}},"1":{"start":{"line":2,"column":0},"end":{"line":2,"column":0}},"2":{"start":{"line":3,"column":0},"end":{"line":3,"column":32}},"3":{"start":{"line":4,"column":0},"end":{"line":4,"column":74}},"4":{"start":{"line":5,"column":0},"end":{"line":5,"column":0}},"5":{"start":{"line":6,"column":0},"end":{"line":6,"column":31}},"6":{"start":{"line":7,"column":0},"end":{"line":7,"column":27}},"7":{"start":{"line":8,"column":0},"end":{"line":8,"column":4}},"8":{"start":{"line":9,"column":0},"end":{"line":9,"column":10}},"9":{"start":{"line":10,"column":0},"end":{"line":10,"column":10}},"10":{"start":{"line":11,"column":0},"end":{"line":11,"column":26}},"11":{"start":{"line":12,"column":0},"end":{"line":12,"column":26}},"12":{"start":{"line":13,"column":0},"end":{"line":13,"column":55}},"13":{"start":{"line":14,"column":0},"end":{"line":14,"column":11}},"14":{"start":{"line":15,"column":0},"end":{"line":15,"column":4}},"15":{"start":{"line":16,"column":0},"end":{"line":16,"column":1}}},"s":{"0":1,"1":1,"2":2,"3":2,"4":2,"5":2,"6":1,"7":2,"8":2,"9":2,"10":2,"11":2,"12":2,"13":2,"14":2,"15":2},"branchMap":{"0":{"type":"branch","line":3,"loc":{"start":{"line":3,"column":0},"end":{"line":16,"column":1}},"locations":[{"start":{"line":3,"column":0},"end":{"line":16,"column":1}}]},"1":{"type":"branch","line":6,"loc":{"start":{"line":6,"column":24},"end":{"line":8,"column":3}},"locations":[{"start":{"line":6,"column":24},"end":{"line":8,"column":3}}]},"2":{"type":"branch","line":9,"loc":{"start":{"line":9,"column":2},"end":{"line":13,"column":55}},"locations":[{"start":{"line":9,"column":2},"end":{"line":13,"column":55}}]}},"b":{"0":[2],"1":[1],"2":[2]},"fnMap":{"0":{"name":"Test","decl":{"start":{"line":3,"column":0},"end":{"line":16,"column":1}},"loc":{"start":{"line":3,"column":0},"end":{"line":16,"column":1}},"line":3},"1":{"name":"handleOnclick","decl":{"start":{"line":6,"column":24},"end":{"line":8,"column":3}},"loc":{"start":{"line":6,"column":24},"end":{"line":8,"column":3}},"line":6}},"f":{"0":2,"1":1}}
}
